Using pre-set license
Built from '2020.3/staging' branch; Version is '2020.3.18f1 (a7d1c678663c) revision 10998214'; Using compiler version '192528614'; Build Type 'Release'
OS: 'Windows 10 Home; OS build 19043.1348; Version 2009; 64bit' Language: 'es' Physical Memory: 16332 MB
BatchMode: 1, IsHumanControllingUs: 0, StartBugReporterOnCrash: 0, Is64bit: 1, IsPro: 0

COMMAND LINE ARGUMENTS:
C:\Program Files\Unity\Hub\Editor\2020.3.18f1\Editor\Unity.exe
-adb2
-batchMode
-noUpm
-name
AssetImportWorker0
-projectPath
D:/Users/Admin/Desktop/Projecto final videojuego/SideScroller/SideScroller
-logFile
Logs/AssetImportWorker0.log
-srvPort
64143
Successfully changed project path to: D:/Users/Admin/Desktop/Projecto final videojuego/SideScroller/SideScroller
D:/Users/Admin/Desktop/Projecto final videojuego/SideScroller/SideScroller
Using Asset Import Pipeline V2.
Refreshing native plugins compatible for Editor in 50.52 ms, found 3 plugins.
Preloading 0 native plugins for Editor in 0.00 ms.
Initialize engine version: 2020.3.18f1 (a7d1c678663c)
[Subsystems] Discovering subsystems at path C:/Program Files/Unity/Hub/Editor/2020.3.18f1/Editor/Data/Resources/UnitySubsystems
[Subsystems] Discovering subsystems at path D:/Users/Admin/Desktop/Projecto final videojuego/SideScroller/SideScroller/Assets
GfxDevice: creating device client; threaded=0
Direct3D:
    Version:  Direct3D 11.0 [level 11.1]
    Renderer: Radeon RX 590 Series (ID=0x67df)
    Vendor:   
    VRAM:     8171 MB
    Driver:   27.20.1034.6
Initialize mono
Mono path[0] = 'C:/Program Files/Unity/Hub/Editor/2020.3.18f1/Editor/Data/Managed'
Mono path[1] = 'C:/Program Files/Unity/Hub/Editor/2020.3.18f1/Editor/Data/MonoBleedingEdge/lib/mono/unityjit'
Mono config path = 'C:/Program Files/Unity/Hub/Editor/2020.3.18f1/Editor/Data/MonoBleedingEdge/etc'
Using monoOptions --debugger-agent=transport=dt_socket,embedding=1,server=y,suspend=n,address=127.0.0.1:56024
Begin MonoManager ReloadAssembly
Registering precompiled unity dll's ...
Register platform support module: C:/Program Files/Unity/Hub/Editor/2020.3.18f1/Editor/Data/PlaybackEngines/WindowsStandaloneSupport/UnityEditor.WindowsStandalone.Extensions.dll
Registered in 0.003404 seconds.
Native extension for WindowsStandalone target not found
Refreshing native plugins compatible for Editor in 48.10 ms, found 3 plugins.
Preloading 0 native plugins for Editor in 0.00 ms.
Mono: successfully reloaded assembly
- Completed reload, in  3.095 seconds
Domain Reload Profiling:
	ReloadAssembly (3095ms)
		BeginReloadAssembly (72ms)
			ExecutionOrderSort (0ms)
			DisableScriptedObjects (0ms)
			BackupInstance (0ms)
			ReleaseScriptingObjects (0ms)
			CreateAndSetChildDomain (1ms)
		EndReloadAssembly (469ms)
			LoadAssemblies (68ms)
			RebuildTransferFunctionScriptingTraits (0ms)
			SetupTypeCache (171ms)
			ReleaseScriptCaches (0ms)
			RebuildScriptCaches (31ms)
			SetupLoadedEditorAssemblies (182ms)
				LogAssemblyErrors (0ms)
				InitializePlatformSupportModulesInManaged (5ms)
				SetLoadedEditorAssemblies (0ms)
				RefreshPlugins (48ms)
				BeforeProcessingInitializeOnLoad (9ms)
				ProcessInitializeOnLoadAttributes (88ms)
				ProcessInitializeOnLoadMethodAttributes (32ms)
				AfterProcessingInitializeOnLoad (0ms)
				EditorAssembliesLoaded (0ms)
			ExecutionOrderSort2 (0ms)
			AwakeInstancesAfterBackupRestoration (0ms)
Platform modules already initialized, skipping
Registering precompiled user dll's ...
Registered in 0.003619 seconds.
Begin MonoManager ReloadAssembly
Native extension for WindowsStandalone target not found
Refreshing native plugins compatible for Editor in 0.62 ms, found 3 plugins.
Preloading 0 native plugins for Editor in 0.00 ms.
Mono: successfully reloaded assembly
- Completed reload, in  1.205 seconds
Domain Reload Profiling:
	ReloadAssembly (1207ms)
		BeginReloadAssembly (174ms)
			ExecutionOrderSort (0ms)
			DisableScriptedObjects (5ms)
			BackupInstance (0ms)
			ReleaseScriptingObjects (0ms)
			CreateAndSetChildDomain (22ms)
		EndReloadAssembly (954ms)
			LoadAssemblies (121ms)
			RebuildTransferFunctionScriptingTraits (0ms)
			SetupTypeCache (313ms)
			ReleaseScriptCaches (1ms)
			RebuildScriptCaches (50ms)
			SetupLoadedEditorAssemblies (375ms)
				LogAssemblyErrors (0ms)
				InitializePlatformSupportModulesInManaged (6ms)
				SetLoadedEditorAssemblies (1ms)
				RefreshPlugins (1ms)
				BeforeProcessingInitializeOnLoad (83ms)
				ProcessInitializeOnLoadAttributes (263ms)
				ProcessInitializeOnLoadMethodAttributes (10ms)
				AfterProcessingInitializeOnLoad (12ms)
				EditorAssembliesLoaded (0ms)
			ExecutionOrderSort2 (0ms)
			AwakeInstancesAfterBackupRestoration (8ms)
Platform modules already initialized, skipping
========================================================================
Worker process is ready to serve import requests
Launched and connected shader compiler UnityShaderCompiler.exe after 0.06 seconds
Refreshing native plugins compatible for Editor in 0.50 ms, found 3 plugins.
Preloading 0 native plugins for Editor in 0.00 ms.
Unloading 2254 Unused Serialized files (Serialized files now loaded: 0)
System memory in use before: 103.2 MB.
System memory in use after: 103.3 MB.

Unloading 21 unused Assets to reduce memory usage. Loaded Objects now: 2690.
Total: 3.566100 ms (FindLiveObjects: 0.216600 ms CreateObjectMapping: 0.058200 ms MarkObjects: 3.184200 ms  DeleteObjects: 0.105500 ms)

AssetImportParameters requested are different than current active one (requested -> active):
  custom:framework-win-MediaFoundation: 216162199b28c13a410421893ffa2e32 -> 
  custom:video-decoder-ogg-theora: a1e56fd34408186e4bbccfd4996cb3dc -> 
  custom:container-muxer-webm: aa71ff27fc2769a1b78a27578f13a17b -> 
  custom:container-demuxer-webm: 4f35f7cbe854078d1ac9338744f61a02 -> 
  custom:container-demuxer-ogg: 62fdf1f143b41e24485cea50d1cbac27 -> 
  custom:video-encoder-webm-vp8: eb34c28f22e8b96e1ab97ce403110664 -> 
  custom:video-decoder-webm-vp8: 9c59270c3fd7afecdb556c50c9e8de78 -> 
  custom:audio-decoder-ogg-vorbis: bf7c407c2cedff20999df2af8eb42d56 -> 
  custom:audio-encoder-webm-vorbis: bf7c407c2cedff20999df2af8eb42d56 -> 
========================================================================
Received Import Request.
  path: Assets/Sprites/Ui
  artifactKey: Guid(c8d9e065a7a0549469612bf4e0f28bd9) Importer(815301076,1909f56bfc062723c751e8b465ee728b)
Start importing Assets/Sprites/Ui using Guid(c8d9e065a7a0549469612bf4e0f28bd9) Importer(815301076,1909f56bfc062723c751e8b465ee728b)  -> (artifact id: '6edaeacf0e6d311ced739d068240da83') in 0.006260 seconds 
  Import took 0.009589 seconds .

========================================================================
Received Import Request.
  Time since last request: 14.804678 seconds.
  path: Assets/Sprites/Ui/UI, y eso.png
  artifactKey: Guid(0436d7bc609c4554680c38b9e71fc9f2) Importer(815301076,1909f56bfc062723c751e8b465ee728b)
Start importing Assets/Sprites/Ui/UI, y eso.png using Guid(0436d7bc609c4554680c38b9e71fc9f2) Importer(815301076,1909f56bfc062723c751e8b465ee728b)  -> (artifact id: 'a4d0f9bf0e8095d3514f59ed323c1d48') in 0.092659 seconds 
  Import took 0.096835 seconds .

========================================================================
Received Import Request.
  Time since last request: 339.572607 seconds.
  path: Assets/Sprites/Ui/UI, y eso.png
  artifactKey: Guid(0436d7bc609c4554680c38b9e71fc9f2) Importer(815301076,1909f56bfc062723c751e8b465ee728b)
Start importing Assets/Sprites/Ui/UI, y eso.png using Guid(0436d7bc609c4554680c38b9e71fc9f2) Importer(815301076,1909f56bfc062723c751e8b465ee728b)  -> (artifact id: 'd5fd4c2eb42a3bf366d15be4f71be33b') in 0.021353 seconds 
  Import took 0.025266 seconds .

========================================================================
Received Import Request.
  Time since last request: 2271.195773 seconds.
  path: Assets/Sprites/Backgrounds/Inframundo 1.jpeg
  artifactKey: Guid(4f901781a25947247a0bce1b6ea4b2c9) Importer(815301076,1909f56bfc062723c751e8b465ee728b)
Start importing Assets/Sprites/Backgrounds/Inframundo 1.jpeg using Guid(4f901781a25947247a0bce1b6ea4b2c9) Importer(815301076,1909f56bfc062723c751e8b465ee728b)  -> (artifact id: 'abfea64b2774796e8906a298efe4484d') in 0.079739 seconds 
  Import took 0.083407 seconds .

========================================================================
Received Import Request.
  Time since last request: 105.193824 seconds.
  path: Assets/Sprites/Ui/UI, y eso.png
  artifactKey: Guid(0436d7bc609c4554680c38b9e71fc9f2) Importer(815301076,1909f56bfc062723c751e8b465ee728b)
Start importing Assets/Sprites/Ui/UI, y eso.png using Guid(0436d7bc609c4554680c38b9e71fc9f2) Importer(815301076,1909f56bfc062723c751e8b465ee728b)  -> (artifact id: 'aaaf4b22db5ff52c12f393fe391231dc') in 0.067402 seconds 
  Import took 0.071009 seconds .

========================================================================
Received Prepare
Registering precompiled user dll's ...
Registered in 0.003703 seconds.
Begin MonoManager ReloadAssembly
Native extension for WindowsStandalone target not found
Refreshing native plugins compatible for Editor in 0.78 ms, found 3 plugins.
Preloading 0 native plugins for Editor in 0.00 ms.
Mono: successfully reloaded assembly
- Completed reload, in  1.243 seconds
Domain Reload Profiling:
	ReloadAssembly (1244ms)
		BeginReloadAssembly (150ms)
			ExecutionOrderSort (0ms)
			DisableScriptedObjects (5ms)
			BackupInstance (0ms)
			ReleaseScriptingObjects (0ms)
			CreateAndSetChildDomain (42ms)
		EndReloadAssembly (1016ms)
			LoadAssemblies (122ms)
			RebuildTransferFunctionScriptingTraits (0ms)
			SetupTypeCache (367ms)
			ReleaseScriptCaches (1ms)
			RebuildScriptCaches (53ms)
			SetupLoadedEditorAssemblies (341ms)
				LogAssemblyErrors (0ms)
				InitializePlatformSupportModulesInManaged (6ms)
				SetLoadedEditorAssemblies (1ms)
				RefreshPlugins (1ms)
				BeforeProcessingInitializeOnLoad (69ms)
				ProcessInitializeOnLoadAttributes (246ms)
				ProcessInitializeOnLoadMethodAttributes (6ms)
				AfterProcessingInitializeOnLoad (12ms)
				EditorAssembliesLoaded (0ms)
			ExecutionOrderSort2 (0ms)
			AwakeInstancesAfterBackupRestoration (10ms)
Platform modules already initialized, skipping
Switching build target platform(19) subTarget(0) extendedPlatform(0) -> platform(13) subTarget(537395200) extendedPlatform(0)
Refreshing native plugins compatible for Editor in 0.56 ms, found 3 plugins.
Preloading 0 native plugins for Editor in 0.00 ms.
Unloading 2224 Unused Serialized files (Serialized files now loaded: 0)
System memory in use before: 103.0 MB.
System memory in use after: 103.1 MB.

Unloading 14 unused Assets to reduce memory usage. Loaded Objects now: 2716.
Total: 3.847800 ms (FindLiveObjects: 0.289600 ms CreateObjectMapping: 0.058800 ms MarkObjects: 3.475600 ms  DeleteObjects: 0.021500 ms)

AssetImportParameters requested are different than current active one (requested -> active):
  custom:framework-win-MediaFoundation: 216162199b28c13a410421893ffa2e32 -> 
  custom:video-decoder-ogg-theora: a1e56fd34408186e4bbccfd4996cb3dc -> 
  custom:container-muxer-webm: aa71ff27fc2769a1b78a27578f13a17b -> 
  custom:container-demuxer-webm: 4f35f7cbe854078d1ac9338744f61a02 -> 
  custom:container-demuxer-ogg: 62fdf1f143b41e24485cea50d1cbac27 -> 
  custom:video-encoder-webm-vp8: eb34c28f22e8b96e1ab97ce403110664 -> 
  custom:video-decoder-webm-vp8: 9c59270c3fd7afecdb556c50c9e8de78 -> 
  custom:graphics/normal-map-encoding: 01000000000000000000000000000000 -> 02000000000000000000000000000000
  custom:audio-decoder-ogg-vorbis: bf7c407c2cedff20999df2af8eb42d56 -> 
  custom:audio-encoder-webm-vorbis: bf7c407c2cedff20999df2af8eb42d56 -> 
========================================================================
Received Import Request.
  Time since last request: 1180.548626 seconds.
  path: Assets/Soundtracks
  artifactKey: Guid(5a03aff4da811e645a4d5c1e3399cf6e) Importer(815301076,1909f56bfc062723c751e8b465ee728b)
Start importing Assets/Soundtracks using Guid(5a03aff4da811e645a4d5c1e3399cf6e) Importer(815301076,1909f56bfc062723c751e8b465ee728b)  -> (artifact id: '616a9f4cd5ee87e9c57e954e0f7cd4f1') in 0.007202 seconds 
  Import took 0.010885 seconds .

========================================================================
Received Import Request.
  Time since last request: 9.668802 seconds.
  path: Assets/Soundtracks/Efectos
  artifactKey: Guid(dac682c3120768c40a79e738f36ca005) Importer(815301076,1909f56bfc062723c751e8b465ee728b)
Start importing Assets/Soundtracks/Efectos using Guid(dac682c3120768c40a79e738f36ca005) Importer(815301076,1909f56bfc062723c751e8b465ee728b)  -> (artifact id: '240eacd58a1148ca1f84aa97a0728669') in 0.002888 seconds 
  Import took 0.006755 seconds .

========================================================================
Received Import Request.
  Time since last request: 8.136007 seconds.
  path: Assets/Soundtracks/Musica
  artifactKey: Guid(24108fffb389d99458bac15b2bcd46ac) Importer(815301076,1909f56bfc062723c751e8b465ee728b)
Start importing Assets/Soundtracks/Musica using Guid(24108fffb389d99458bac15b2bcd46ac) Importer(815301076,1909f56bfc062723c751e8b465ee728b)  -> (artifact id: 'ab99c61045d50543a9ddfae2b43ccb06') in 0.002561 seconds 
  Import took 0.006306 seconds .

========================================================================
Received Import Request.
  Time since last request: 94.752686 seconds.
  path: Assets/Soundtracks/Momentos de juego
  artifactKey: Guid(4e883ee810931a7488ebe6cb89ea0445) Importer(815301076,1909f56bfc062723c751e8b465ee728b)
Start importing Assets/Soundtracks/Momentos de juego using Guid(4e883ee810931a7488ebe6cb89ea0445) Importer(815301076,1909f56bfc062723c751e8b465ee728b)  -> (artifact id: '41cacfc1865669c2ee1ee6e9294f045c') in 0.002399 seconds 
  Import took 0.005903 seconds .

========================================================================
Received Import Request.
  Time since last request: 0.000475 seconds.
  path: Assets/Soundtracks/Momentos de juego
  artifactKey: Guid(4e883ee810931a7488ebe6cb89ea0445) Importer(815301076,1909f56bfc062723c751e8b465ee728b)
Start importing Assets/Soundtracks/Momentos de juego using Guid(4e883ee810931a7488ebe6cb89ea0445) Importer(815301076,1909f56bfc062723c751e8b465ee728b)  -> (artifact id: '41cacfc1865669c2ee1ee6e9294f045c') in 0.002195 seconds 
  Import took 0.005307 seconds .

========================================================================
Received Prepare
Registering precompiled user dll's ...
Registered in 0.003646 seconds.
Begin MonoManager ReloadAssembly
Native extension for WindowsStandalone target not found
Refreshing native plugins compatible for Editor in 0.53 ms, found 3 plugins.
Preloading 0 native plugins for Editor in 0.00 ms.
Mono: successfully reloaded assembly
- Completed reload, in  1.169 seconds
Domain Reload Profiling:
	ReloadAssembly (1170ms)
		BeginReloadAssembly (141ms)
			ExecutionOrderSort (0ms)
			DisableScriptedObjects (5ms)
			BackupInstance (0ms)
			ReleaseScriptingObjects (0ms)
			CreateAndSetChildDomain (36ms)
		EndReloadAssembly (952ms)
			LoadAssemblies (119ms)
			RebuildTransferFunctionScriptingTraits (0ms)
			SetupTypeCache (313ms)
			ReleaseScriptCaches (1ms)
			RebuildScriptCaches (45ms)
			SetupLoadedEditorAssemblies (338ms)
				LogAssemblyErrors (0ms)
				InitializePlatformSupportModulesInManaged (5ms)
				SetLoadedEditorAssemblies (0ms)
				RefreshPlugins (1ms)
				BeforeProcessingInitializeOnLoad (71ms)
				ProcessInitializeOnLoadAttributes (244ms)
				ProcessInitializeOnLoadMethodAttributes (5ms)
				AfterProcessingInitializeOnLoad (12ms)
				EditorAssembliesLoaded (0ms)
			ExecutionOrderSort2 (0ms)
			AwakeInstancesAfterBackupRestoration (11ms)
Platform modules already initialized, skipping
Switching build target platform(19) subTarget(0) extendedPlatform(0) -> platform(13) subTarget(537395200) extendedPlatform(0)
Refreshing native plugins compatible for Editor in 0.53 ms, found 3 plugins.
Preloading 0 native plugins for Editor in 0.00 ms.
Unloading 2224 Unused Serialized files (Serialized files now loaded: 0)
System memory in use before: 103.1 MB.
System memory in use after: 103.2 MB.

Unloading 14 unused Assets to reduce memory usage. Loaded Objects now: 2718.
Total: 3.356100 ms (FindLiveObjects: 0.244400 ms CreateObjectMapping: 0.058300 ms MarkObjects: 3.034300 ms  DeleteObjects: 0.017900 ms)

AssetImportParameters requested are different than current active one (requested -> active):
  custom:framework-win-MediaFoundation: 216162199b28c13a410421893ffa2e32 -> 
  custom:video-decoder-ogg-theora: a1e56fd34408186e4bbccfd4996cb3dc -> 
  custom:container-muxer-webm: aa71ff27fc2769a1b78a27578f13a17b -> 
  custom:container-demuxer-webm: 4f35f7cbe854078d1ac9338744f61a02 -> 
  custom:container-demuxer-ogg: 62fdf1f143b41e24485cea50d1cbac27 -> 
  custom:video-encoder-webm-vp8: eb34c28f22e8b96e1ab97ce403110664 -> 
  custom:video-decoder-webm-vp8: 9c59270c3fd7afecdb556c50c9e8de78 -> 
  custom:graphics/normal-map-encoding: 01000000000000000000000000000000 -> 02000000000000000000000000000000
  custom:audio-decoder-ogg-vorbis: bf7c407c2cedff20999df2af8eb42d56 -> 
  custom:audio-encoder-webm-vorbis: bf7c407c2cedff20999df2af8eb42d56 -> 
========================================================================
Received Import Request.
  Time since last request: 332.631020 seconds.
  path: Assets/Soundtracks/Musica/Musica_del_Juego(Wicked-Dreams).mp3
  artifactKey: Guid(f9459b86645374f44bd8de316bb5fe39) Importer(815301076,1909f56bfc062723c751e8b465ee728b)
Start importing Assets/Soundtracks/Musica/Musica_del_Juego(Wicked-Dreams).mp3 using Guid(f9459b86645374f44bd8de316bb5fe39) Importer(815301076,1909f56bfc062723c751e8b465ee728b)  -> (artifact id: 'ae114db020c771f610c949fbc8260dfa') in 0.102112 seconds 
  Import took 0.105595 seconds .

========================================================================
Received Import Request.
  Time since last request: 0.000318 seconds.
  path: Assets/Soundtracks/Musica/Inicio_Music_Mezcla.mp3
  artifactKey: Guid(9d2978f8d62e7e4468a1602d4bc5041e) Importer(815301076,1909f56bfc062723c751e8b465ee728b)
Start importing Assets/Soundtracks/Musica/Inicio_Music_Mezcla.mp3 using Guid(9d2978f8d62e7e4468a1602d4bc5041e) Importer(815301076,1909f56bfc062723c751e8b465ee728b)  -> (artifact id: 'c7771b0f0a1d8d51b06db887da647431') in 0.009023 seconds 
  Import took 0.012110 seconds .

========================================================================
Received Import Request.
  Time since last request: 44.648314 seconds.
  path: Assets/Soundtracks/Momentos de juego/Muerte-GameOver.mp3
  artifactKey: Guid(f8e55d41a595ff142b6d78c1b22fcea3) Importer(815301076,1909f56bfc062723c751e8b465ee728b)
Start importing Assets/Soundtracks/Momentos de juego/Muerte-GameOver.mp3 using Guid(f8e55d41a595ff142b6d78c1b22fcea3) Importer(815301076,1909f56bfc062723c751e8b465ee728b)  -> (artifact id: '52f65c0e93cc686088e17baebc93aa00') in 0.045105 seconds 
  Import took 0.048893 seconds .

========================================================================
Received Import Request.
  Time since last request: 0.000317 seconds.
  path: Assets/Soundtracks/Momentos de juego/Prender Juego.mp3
  artifactKey: Guid(8fc29ff025cf5b04eb2d238e583cb278) Importer(815301076,1909f56bfc062723c751e8b465ee728b)
Start importing Assets/Soundtracks/Momentos de juego/Prender Juego.mp3 using Guid(8fc29ff025cf5b04eb2d238e583cb278) Importer(815301076,1909f56bfc062723c751e8b465ee728b)  -> (artifact id: '6ddea8943477e08bffb22e5882bb5b70') in 0.009731 seconds 
  Import took 0.013297 seconds .

========================================================================
Received Import Request.
  Time since last request: 25.078194 seconds.
  path: Assets/Soundtracks/Efectos/Alerta.mp3
  artifactKey: Guid(a804b494a9bfa6540b99d1b84953c343) Importer(815301076,1909f56bfc062723c751e8b465ee728b)
Start importing Assets/Soundtracks/Efectos/Alerta.mp3 using Guid(a804b494a9bfa6540b99d1b84953c343) Importer(815301076,1909f56bfc062723c751e8b465ee728b)  -> (artifact id: '70a694d260a2caecd5b87dc1f79c5e4e') in 0.010191 seconds 
  Import took 0.013785 seconds .

========================================================================
Received Import Request.
  Time since last request: 0.000278 seconds.
  path: Assets/Soundtracks/Efectos/Low_Life.mp3
  artifactKey: Guid(9b46bb48a694fb5459d90921255ed4b8) Importer(815301076,1909f56bfc062723c751e8b465ee728b)
Start importing Assets/Soundtracks/Efectos/Low_Life.mp3 using Guid(9b46bb48a694fb5459d90921255ed4b8) Importer(815301076,1909f56bfc062723c751e8b465ee728b)  -> (artifact id: '2f7f9363898be9133e0d265557415785') in 0.009591 seconds 
  Import took 0.012694 seconds .

========================================================================
Received Import Request.
  Time since last request: 0.000272 seconds.
  path: Assets/Soundtracks/Efectos/Daño_Recibido.mp3
  artifactKey: Guid(6011386b8ebabad489a0b107f4e0f413) Importer(815301076,1909f56bfc062723c751e8b465ee728b)
Start importing Assets/Soundtracks/Efectos/Daño_Recibido.mp3 using Guid(6011386b8ebabad489a0b107f4e0f413) Importer(815301076,1909f56bfc062723c751e8b465ee728b)  -> (artifact id: 'f5af2862b55159ee2bab7a5be1cd3649') in 0.009547 seconds 
  Import took 0.012914 seconds .

========================================================================
Received Import Request.
  Time since last request: 0.000299 seconds.
  path: Assets/Soundtracks/Efectos/Dialogo.mp3
  artifactKey: Guid(ecac8fa25b7ab8d47a869329d389938b) Importer(815301076,1909f56bfc062723c751e8b465ee728b)
Start importing Assets/Soundtracks/Efectos/Dialogo.mp3 using Guid(ecac8fa25b7ab8d47a869329d389938b) Importer(815301076,1909f56bfc062723c751e8b465ee728b)  -> (artifact id: '4dc7ff56e58d334934a2702e8a917f65') in 0.009671 seconds 
  Import took 0.013052 seconds .

========================================================================
Received Import Request.
  Time since last request: 0.000286 seconds.
  path: Assets/Soundtracks/Efectos/Get_Item.mp3
  artifactKey: Guid(7e34a4843d7ba504c9c94acfd7e5471c) Importer(815301076,1909f56bfc062723c751e8b465ee728b)
Start importing Assets/Soundtracks/Efectos/Get_Item.mp3 using Guid(7e34a4843d7ba504c9c94acfd7e5471c) Importer(815301076,1909f56bfc062723c751e8b465ee728b)  -> (artifact id: '0bf902c2c6cd05d970066b0adf2ec4bf') in 0.009799 seconds 
  Import took 0.013192 seconds .

========================================================================
Received Import Request.
  Time since last request: 0.000324 seconds.
  path: Assets/Soundtracks/Efectos/Click.mp3
  artifactKey: Guid(f971583a09add49408c96125f78d2358) Importer(815301076,1909f56bfc062723c751e8b465ee728b)
Start importing Assets/Soundtracks/Efectos/Click.mp3 using Guid(f971583a09add49408c96125f78d2358) Importer(815301076,1909f56bfc062723c751e8b465ee728b)  -> (artifact id: 'dd51a47deaed12a93561f149e55c734e') in 0.011621 seconds 
  Import took 0.015067 seconds .

========================================================================
Received Import Request.
  Time since last request: 0.000351 seconds.
  path: Assets/Soundtracks/Efectos/Jefe_1.mp3
  artifactKey: Guid(3a04ad7a0ebe27b469635a9a8a56e9bd) Importer(815301076,1909f56bfc062723c751e8b465ee728b)
Start importing Assets/Soundtracks/Efectos/Jefe_1.mp3 using Guid(3a04ad7a0ebe27b469635a9a8a56e9bd) Importer(815301076,1909f56bfc062723c751e8b465ee728b)  -> (artifact id: '62e685fb9817e3cf8daf1897499d453f') in 0.012159 seconds 
  Import took 0.016198 seconds .

========================================================================
Received Import Request.
  Time since last request: 0.000327 seconds.
  path: Assets/Soundtracks/Efectos/Disparo_4.mp3
  artifactKey: Guid(85c0f1fa617be6b49a5d56f7467d5b74) Importer(815301076,1909f56bfc062723c751e8b465ee728b)
Start importing Assets/Soundtracks/Efectos/Disparo_4.mp3 using Guid(85c0f1fa617be6b49a5d56f7467d5b74) Importer(815301076,1909f56bfc062723c751e8b465ee728b)  -> (artifact id: '8dfb322047fd35d86da6667a88629b62') in 0.010026 seconds 
  Import took 0.014205 seconds .

========================================================================
Received Import Request.
  Time since last request: 0.000373 seconds.
  path: Assets/Soundtracks/Efectos/Disparo_2.mp3
  artifactKey: Guid(074f393c59ebc8e4a80d959091de9e3a) Importer(815301076,1909f56bfc062723c751e8b465ee728b)
Start importing Assets/Soundtracks/Efectos/Disparo_2.mp3 using Guid(074f393c59ebc8e4a80d959091de9e3a) Importer(815301076,1909f56bfc062723c751e8b465ee728b)  -> (artifact id: 'e6640836800b8c5579203a2e777c7015') in 0.012727 seconds 
  Import took 0.019179 seconds .

========================================================================
Received Import Request.
  Time since last request: 0.000579 seconds.
  path: Assets/Soundtracks/Efectos/Disparo_3.mp3
  artifactKey: Guid(3fe7ca1e1e771664ca4809fccba05a29) Importer(815301076,1909f56bfc062723c751e8b465ee728b)
Start importing Assets/Soundtracks/Efectos/Disparo_3.mp3 using Guid(3fe7ca1e1e771664ca4809fccba05a29) Importer(815301076,1909f56bfc062723c751e8b465ee728b)  -> (artifact id: 'ad33c91d2b5a90af2784b548ac52ed1d') in 0.013332 seconds 
  Import took 0.018600 seconds .

========================================================================
Received Import Request.
  Time since last request: 0.000369 seconds.
  path: Assets/Soundtracks/Efectos/Transicion.mp3
  artifactKey: Guid(7538e399acef6f04f9d5bd61450dd118) Importer(815301076,1909f56bfc062723c751e8b465ee728b)
Start importing Assets/Soundtracks/Efectos/Transicion.mp3 using Guid(7538e399acef6f04f9d5bd61450dd118) Importer(815301076,1909f56bfc062723c751e8b465ee728b)  -> (artifact id: 'e8d24c69b4328e90e68c080cd7d73e36') in 0.009790 seconds 
  Import took 0.013788 seconds .

========================================================================
Received Import Request.
  Time since last request: 0.000314 seconds.
  path: Assets/Soundtracks/Efectos/Disparo_1.mp3
  artifactKey: Guid(1592f148d84e46144883553083ec034c) Importer(815301076,1909f56bfc062723c751e8b465ee728b)
Start importing Assets/Soundtracks/Efectos/Disparo_1.mp3 using Guid(1592f148d84e46144883553083ec034c) Importer(815301076,1909f56bfc062723c751e8b465ee728b)  -> (artifact id: 'daa9d58552daf8819ac8662364211fe9') in 0.010237 seconds 
  Import took 0.013954 seconds .

========================================================================
Received Prepare
Registering precompiled user dll's ...
Registered in 0.003914 seconds.
Begin MonoManager ReloadAssembly
Native extension for WindowsStandalone target not found
Refreshing native plugins compatible for Editor in 0.58 ms, found 3 plugins.
Preloading 0 native plugins for Editor in 0.00 ms.
Mono: successfully reloaded assembly
- Completed reload, in  1.212 seconds
Domain Reload Profiling:
	ReloadAssembly (1213ms)
		BeginReloadAssembly (141ms)
			ExecutionOrderSort (0ms)
			DisableScriptedObjects (5ms)
			BackupInstance (0ms)
			ReleaseScriptingObjects (0ms)
			CreateAndSetChildDomain (39ms)
		EndReloadAssembly (991ms)
			LoadAssemblies (121ms)
			RebuildTransferFunctionScriptingTraits (0ms)
			SetupTypeCache (340ms)
			ReleaseScriptCaches (1ms)
			RebuildScriptCaches (49ms)
			SetupLoadedEditorAssemblies (332ms)
				LogAssemblyErrors (0ms)
				InitializePlatformSupportModulesInManaged (6ms)
				SetLoadedEditorAssemblies (1ms)
				RefreshPlugins (1ms)
				BeforeProcessingInitializeOnLoad (69ms)
				ProcessInitializeOnLoadAttributes (239ms)
				ProcessInitializeOnLoadMethodAttributes (5ms)
				AfterProcessingInitializeOnLoad (11ms)
				EditorAssembliesLoaded (0ms)
			ExecutionOrderSort2 (0ms)
			AwakeInstancesAfterBackupRestoration (10ms)
Platform modules already initialized, skipping
Switching build target platform(19) subTarget(0) extendedPlatform(0) -> platform(13) subTarget(537395200) extendedPlatform(0)
Refreshing native plugins compatible for Editor in 0.52 ms, found 3 plugins.
Preloading 0 native plugins for Editor in 0.00 ms.
Unloading 2224 Unused Serialized files (Serialized files now loaded: 0)
System memory in use before: 103.3 MB.
System memory in use after: 103.5 MB.

Unloading 14 unused Assets to reduce memory usage. Loaded Objects now: 2727.
Total: 3.763400 ms (FindLiveObjects: 0.236800 ms CreateObjectMapping: 0.064700 ms MarkObjects: 3.437600 ms  DeleteObjects: 0.022700 ms)

AssetImportParameters requested are different than current active one (requested -> active):
  custom:framework-win-MediaFoundation: 216162199b28c13a410421893ffa2e32 -> 
  custom:video-decoder-ogg-theora: a1e56fd34408186e4bbccfd4996cb3dc -> 
  custom:container-muxer-webm: aa71ff27fc2769a1b78a27578f13a17b -> 
  custom:container-demuxer-webm: 4f35f7cbe854078d1ac9338744f61a02 -> 
  custom:container-demuxer-ogg: 62fdf1f143b41e24485cea50d1cbac27 -> 
  custom:video-encoder-webm-vp8: eb34c28f22e8b96e1ab97ce403110664 -> 
  custom:video-decoder-webm-vp8: 9c59270c3fd7afecdb556c50c9e8de78 -> 
  custom:graphics/normal-map-encoding: 01000000000000000000000000000000 -> 02000000000000000000000000000000
  custom:audio-decoder-ogg-vorbis: bf7c407c2cedff20999df2af8eb42d56 -> 
  custom:audio-encoder-webm-vorbis: bf7c407c2cedff20999df2af8eb42d56 -> 
